Loading miniconda3/24.7.1/3q6zf43
  Loading requirement: gcc-runtime/13.2.0/yimvxxm
Loading cuda/12.5.1/6wffrw2
  Loading requirement: libiconv/1.17/pmxhi4x xz/5.4.6/uxouxrg
    zlib-ng/2.1.5/uctcqfl libxml2/2.10.3/vdqe2g3
Running epoch 0:   0%|          | 0/11300 [00:00<?, ?it/s]                                                          Traceback (most recent call last):
  File "/home/ctnguyen/neural_nemesis/DLG2_p3/src/train.py", line 149, in <module>
    main()
  File "/home/ctnguyen/neural_nemesis/DLG2_p3/src/train.py", line 99, in main
    sample.update(models.get_original_disp(sample))  # get non-attacked disparity
                  ^^^^^^^^^^^^^^^^^^^^^^^^^^^^^^^^
  File "/home/ctnguyen/neural_nemesis/DLG2_p3/src/models/adversarial_models.py", line 14, in wrapper
    ret = func(*f_args, **f_kwargs)
          ^^^^^^^^^^^^^^^^^^^^^^^^^
  File "/home/ctnguyen/neural_nemesis/DLG2_p3/src/models/adversarial_models.py", line 41, in get_original_disp
    distill_disp = self.fix_distill(sample['left'])
                   ^^^^^^^^^^^^^^^^^^^^^^^^^^^^^^^^
  File "/home/ctnguyen/.local/lib/python3.12/site-packages/torch/nn/modules/module.py", line 1553, in _wrapped_call_impl
    return self._call_impl(*args, **kwargs)
           ^^^^^^^^^^^^^^^^^^^^^^^^^^^^^^^^
  File "/home/ctnguyen/.local/lib/python3.12/site-packages/torch/nn/modules/module.py", line 1562, in _call_impl
    return forward_call(*args, **kwargs)
           ^^^^^^^^^^^^^^^^^^^^^^^^^^^^^
  File "/home/ctnguyen/neural_nemesis/DLG2_p3/src/models/adversarial_models.py", line 60, in forward
    disp_ests = self.model(input_img)
                ^^^^^^^^^^^^^^^^^^^^^
  File "/home/ctnguyen/.local/lib/python3.12/site-packages/torch/nn/modules/module.py", line 1553, in _wrapped_call_impl
    return self._call_impl(*args, **kwargs)
           ^^^^^^^^^^^^^^^^^^^^^^^^^^^^^^^^
  File "/home/ctnguyen/.local/lib/python3.12/site-packages/torch/nn/modules/module.py", line 1562, in _call_impl
    return forward_call(*args, **kwargs)
           ^^^^^^^^^^^^^^^^^^^^^^^^^^^^^
  File "/home/ctnguyen/neural_nemesis/DLG2_p3/src/models/guo/monocular_model.py", line 116, in forward
    conv1 = self.conv1(x)
            ^^^^^^^^^^^^^
  File "/home/ctnguyen/.local/lib/python3.12/site-packages/torch/nn/modules/module.py", line 1553, in _wrapped_call_impl
    return self._call_impl(*args, **kwargs)
           ^^^^^^^^^^^^^^^^^^^^^^^^^^^^^^^^
  File "/home/ctnguyen/.local/lib/python3.12/site-packages/torch/nn/modules/module.py", line 1562, in _call_impl
    return forward_call(*args, **kwargs)
           ^^^^^^^^^^^^^^^^^^^^^^^^^^^^^
  File "/home/ctnguyen/.local/lib/python3.12/site-packages/torch/nn/modules/container.py", line 219, in forward
    input = module(input)
            ^^^^^^^^^^^^^
  File "/home/ctnguyen/.local/lib/python3.12/site-packages/torch/nn/modules/module.py", line 1553, in _wrapped_call_impl
    return self._call_impl(*args, **kwargs)
           ^^^^^^^^^^^^^^^^^^^^^^^^^^^^^^^^
  File "/home/ctnguyen/.local/lib/python3.12/site-packages/torch/nn/modules/module.py", line 1562, in _call_impl
    return forward_call(*args, **kwargs)
           ^^^^^^^^^^^^^^^^^^^^^^^^^^^^^
  File "/home/ctnguyen/.local/lib/python3.12/site-packages/torch/nn/modules/conv.py", line 458, in forward
    return self._conv_forward(input, self.weight, self.bias)
           ^^^^^^^^^^^^^^^^^^^^^^^^^^^^^^^^^^^^^^^^^^^^^^^^^
  File "/home/ctnguyen/.local/lib/python3.12/site-packages/torch/nn/modules/conv.py", line 454, in _conv_forward
    return F.conv2d(input, weight, bias, self.stride,
           ^^^^^^^^^^^^^^^^^^^^^^^^^^^^^^^^^^^^^^^^^^
RuntimeError: Given groups=1, weight of size [64, 3, 3, 3], expected input[2, 375, 1242, 3] to have 3 channels, but got 375 channels instead
